<?xml version="1.0" encoding="UTF-8"?>
<testsuite xmlns:xsi="http://www.w3.org/2001/XMLSchema-instance" xsi:noNamespaceSchemaLocation="https://maven.apache.org/surefire/maven-surefire-plugin/xsd/surefire-test-report-3.0.xsd" version="3.0" name="co.example.demo.LambdaHandlerTest" time="1.432" tests="1" errors="0" skipped="0" failures="0">
  <properties>
    <property name="java.specification.version" value="20"/>
    <property name="sun.jnu.encoding" value="UTF-8"/>
    <property name="test.url" value="http://localhost:8081"/>
    <property name="java.class.path" value="/Users/geontae/workspace/study/book/devops-tools-for-java-developer/faas/demo/target/test-classes:/Users/geontae/workspace/study/book/devops-tools-for-java-developer/faas/demo/target/classes:/Users/geontae/.m2/repository/io/quarkus/quarkus-amazon-lambda/3.3.0/quarkus-amazon-lambda-3.3.0.jar:/Users/geontae/.m2/repository/io/quarkus/quarkus-amazon-lambda-common/3.3.0/quarkus-amazon-lambda-common-3.3.0.jar:/Users/geontae/.m2/repository/com/amazonaws/aws-lambda-java-core/1.2.2/aws-lambda-java-core-1.2.2.jar:/Users/geontae/.m2/repository/com/amazonaws/aws-lambda-java-events/3.11.2/aws-lambda-java-events-3.11.2.jar:/Users/geontae/.m2/repository/io/quarkus/quarkus-arc/3.3.0/quarkus-arc-3.3.0.jar:/Users/geontae/.m2/repository/io/quarkus/arc/arc/3.3.0/arc-3.3.0.jar:/Users/geontae/.m2/repository/jakarta/transaction/jakarta.transaction-api/2.0.1/jakarta.transaction-api-2.0.1.jar:/Users/geontae/.m2/repository/io/smallrye/reactive/mutiny/2.3.1/mutiny-2.3.1.jar:/Users/geontae/.m2/repository/org/eclipse/microprofile/context-propagation/microprofile-context-propagation-api/1.3/microprofile-context-propagation-api-1.3.jar:/Users/geontae/.m2/repository/io/quarkus/quarkus-jackson/3.3.0/quarkus-jackson-3.3.0.jar:/Users/geontae/.m2/repository/com/fasterxml/jackson/core/jackson-databind/2.15.2/jackson-databind-2.15.2.jar:/Users/geontae/.m2/repository/com/fasterxml/jackson/datatype/jackson-datatype-jsr310/2.15.2/jackson-datatype-jsr310-2.15.2.jar:/Users/geontae/.m2/repository/com/fasterxml/jackson/datatype/jackson-datatype-jdk8/2.15.2/jackson-datatype-jdk8-2.15.2.jar:/Users/geontae/.m2/repository/com/fasterxml/jackson/module/jackson-module-parameter-names/2.15.2/jackson-module-parameter-names-2.15.2.jar:/Users/geontae/.m2/repository/com/fasterxml/jackson/datatype/jackson-datatype-joda/2.15.2/jackson-datatype-joda-2.15.2.jar:/Users/geontae/.m2/repository/com/fasterxml/jackson/core/jackson-annotations/2.15.2/jackson-annotations-2.15.2.jar:/Users/geontae/.m2/repository/com/fasterxml/jackson/core/jackson-core/2.15.2/jackson-core-2.15.2.jar:/Users/geontae/.m2/repository/joda-time/joda-time/2.10.14/joda-time-2.10.14.jar:/Users/geontae/.m2/repository/io/rest-assured/rest-assured/5.3.0/rest-assured-5.3.0.jar:/Users/geontae/.m2/repository/org/apache/groovy/groovy/4.0.6/groovy-4.0.6.jar:/Users/geontae/.m2/repository/org/apache/groovy/groovy-xml/4.0.6/groovy-xml-4.0.6.jar:/Users/geontae/.m2/repository/org/apache/httpcomponents/httpclient/4.5.14/httpclient-4.5.14.jar:/Users/geontae/.m2/repository/org/apache/httpcomponents/httpcore/4.4.16/httpcore-4.4.16.jar:/Users/geontae/.m2/repository/commons-codec/commons-codec/1.16.0/commons-codec-1.16.0.jar:/Users/geontae/.m2/repository/org/apache/httpcomponents/httpmime/4.5.14/httpmime-4.5.14.jar:/Users/geontae/.m2/repository/org/hamcrest/hamcrest/2.1/hamcrest-2.1.jar:/Users/geontae/.m2/repository/org/ccil/cowan/tagsoup/tagsoup/1.2.1/tagsoup-1.2.1.jar:/Users/geontae/.m2/repository/io/rest-assured/json-path/5.3.0/json-path-5.3.0.jar:/Users/geontae/.m2/repository/org/apache/groovy/groovy-json/4.0.6/groovy-json-4.0.6.jar:/Users/geontae/.m2/repository/io/rest-assured/rest-assured-common/5.3.0/rest-assured-common-5.3.0.jar:/Users/geontae/.m2/repository/io/rest-assured/xml-path/5.3.0/xml-path-5.3.0.jar:/Users/geontae/.m2/repository/org/apache/commons/commons-lang3/3.12.0/commons-lang3-3.12.0.jar:/Users/geontae/.m2/repository/io/quarkus/quarkus-junit5/3.3.0/quarkus-junit5-3.3.0.jar:/Users/geontae/.m2/repository/io/quarkus/quarkus-bootstrap-core/3.3.0/quarkus-bootstrap-core-3.3.0.jar:/Users/geontae/.m2/repository/io/quarkus/quarkus-bootstrap-app-model/3.3.0/quarkus-bootstrap-app-model-3.3.0.jar:/Users/geontae/.m2/repository/io/smallrye/common/smallrye-common-io/2.1.0/smallrye-common-io-2.1.0.jar:/Users/geontae/.m2/repository/org/eclipse/sisu/org.eclipse.sisu.inject/0.3.5/org.eclipse.sisu.inject-0.3.5.jar:/Users/geontae/.m2/repository/io/quarkus/quarkus-test-common/3.3.0/quarkus-test-common-3.3.0.jar:/Users/geontae/.m2/repository/io/quarkus/quarkus-core-deployment/3.3.0/quarkus-core-deployment-3.3.0.jar:/Users/geontae/.m2/repository/org/aesh/readline/2.4/readline-2.4.jar:/Users/geontae/.m2/repository/org/fusesource/jansi/jansi/2.4.0/jansi-2.4.0.jar:/Users/geontae/.m2/repository/org/aesh/aesh/2.7/aesh-2.7.jar:/Users/geontae/.m2/repository/io/quarkus/gizmo/gizmo/1.6.1.Final/gizmo-1.6.1.Final.jar:/Users/geontae/.m2/repository/org/ow2/asm/asm-util/9.5/asm-util-9.5.jar:/Users/geontae/.m2/repository/org/ow2/asm/asm-analysis/9.5/asm-analysis-9.5.jar:/Users/geontae/.m2/repository/org/ow2/asm/asm/9.5/asm-9.5.jar:/Users/geontae/.m2/repository/org/ow2/asm/asm-commons/9.5/asm-commons-9.5.jar:/Users/geontae/.m2/repository/org/ow2/asm/asm-tree/9.5/asm-tree-9.5.jar:/Users/geontae/.m2/repository/io/quarkus/quarkus-class-change-agent/3.3.0/quarkus-class-change-agent-3.3.0.jar:/Users/geontae/.m2/repository/io/quarkus/quarkus-devtools-utilities/3.3.0/quarkus-devtools-utilities-3.3.0.jar:/Users/geontae/.m2/repository/io/quarkus/quarkus-builder/3.3.0/quarkus-builder-3.3.0.jar:/Users/geontae/.m2/repository/org/graalvm/sdk/graal-sdk/23.0.1/graal-sdk-23.0.1.jar:/Users/geontae/.m2/repository/org/junit/platform/junit-platform-launcher/1.9.3/junit-platform-launcher-1.9.3.jar:/Users/geontae/.m2/repository/io/quarkus/quarkus-bootstrap-maven-resolver/3.3.0/quarkus-bootstrap-maven-resolver-3.3.0.jar:/Users/geontae/.m2/repository/io/smallrye/beanbag/smallrye-beanbag-maven/1.3.2/smallrye-beanbag-maven-1.3.2.jar:/Users/geontae/.m2/repository/io/smallrye/beanbag/smallrye-beanbag-sisu/1.3.2/smallrye-beanbag-sisu-1.3.2.jar:/Users/geontae/.m2/repository/io/smallrye/beanbag/smallrye-beanbag/1.3.2/smallrye-beanbag-1.3.2.jar:/Users/geontae/.m2/repository/io/smallrye/common/smallrye-common-constraint/2.1.0/smallrye-common-constraint-2.1.0.jar:/Users/geontae/.m2/repository/javax/inject/javax.inject/1/javax.inject-1.jar:/Users/geontae/.m2/repository/org/apache/maven/maven-artifact/3.9.3/maven-artifact-3.9.3.jar:/Users/geontae/.m2/repository/org/apache/maven/maven-builder-support/3.9.3/maven-builder-support-3.9.3.jar:/Users/geontae/.m2/repository/org/apache/maven/maven-model/3.9.3/maven-model-3.9.3.jar:/Users/geontae/.m2/repository/org/apache/maven/maven-model-builder/3.9.3/maven-model-builder-3.9.3.jar:/Users/geontae/.m2/repository/org/apache/maven/maven-repository-metadata/3.9.3/maven-repository-metadata-3.9.3.jar:/Users/geontae/.m2/repository/org/apache/maven/maven-settings/3.9.3/maven-settings-3.9.3.jar:/Users/geontae/.m2/repository/org/apache/maven/resolver/maven-resolver-api/1.9.13/maven-resolver-api-1.9.13.jar:/Users/geontae/.m2/repository/org/apache/maven/resolver/maven-resolver-impl/1.9.13/maven-resolver-impl-1.9.13.jar:/Users/geontae/.m2/repository/org/apache/maven/resolver/maven-resolver-named-locks/1.9.13/maven-resolver-named-locks-1.9.13.jar:/Users/geontae/.m2/repository/org/apache/maven/resolver/maven-resolver-spi/1.9.13/maven-resolver-spi-1.9.13.jar:/Users/geontae/.m2/repository/org/apache/maven/resolver/maven-resolver-util/1.9.13/maven-resolver-util-1.9.13.jar:/Users/geontae/.m2/repository/org/apache/maven/resolver/maven-resolver-transport-http/1.9.10/maven-resolver-transport-http-1.9.10.jar:/Users/geontae/.m2/repository/org/apache/maven/wagon/wagon-provider-api/3.5.3/wagon-provider-api-3.5.3.jar:/Users/geontae/.m2/repository/org/apache/maven/wagon/wagon-http-shared/3.5.3/wagon-http-shared-3.5.3.jar:/Users/geontae/.m2/repository/org/codehaus/plexus/plexus-interpolation/1.26/plexus-interpolation-1.26.jar:/Users/geontae/.m2/repository/org/codehaus/plexus/plexus-utils/3.5.1/plexus-utils-3.5.1.jar:/Users/geontae/.m2/repository/org/codehaus/plexus/plexus-xml/4.0.0/plexus-xml-4.0.0.jar:/Users/geontae/.m2/repository/org/apache/maven/maven-xml-impl/4.0.0-alpha-5/maven-xml-impl-4.0.0-alpha-5.jar:/Users/geontae/.m2/repository/org/apache/maven/maven-api-xml/4.0.0-alpha-5/maven-api-xml-4.0.0-alpha-5.jar:/Users/geontae/.m2/repository/org/apache/maven/maven-api-meta/4.0.0-alpha-5/maven-api-meta-4.0.0-alpha-5.jar:/Users/geontae/.m2/repository/org/codehaus/plexus/plexus-cipher/2.0/plexus-cipher-2.0.jar:/Users/geontae/.m2/repository/org/codehaus/plexus/plexus-sec-dispatcher/2.0/plexus-sec-dispatcher-2.0.jar:/Users/geontae/.m2/repository/org/apache/maven/maven-embedder/3.9.3/maven-embedder-3.9.3.jar:/Users/geontae/.m2/repository/org/apache/maven/maven-core/3.9.3/maven-core-3.9.3.jar:/Users/geontae/.m2/repository/org/codehaus/plexus/plexus-component-annotations/2.1.0/plexus-component-annotations-2.1.0.jar:/Users/geontae/.m2/repository/org/apache/maven/maven-plugin-api/3.9.3/maven-plugin-api-3.9.3.jar:/Users/geontae/.m2/repository/org/apache/maven/shared/maven-shared-utils/3.3.4/maven-shared-utils-3.3.4.jar:/Users/geontae/.m2/repository/com/google/inject/guice/5.1.0/guice-5.1.0.jar:/Users/geontae/.m2/repository/aopalliance/aopalliance/1.0/aopalliance-1.0.jar:/Users/geontae/.m2/repository/com/google/guava/guava/32.1.1-jre/guava-32.1.1-jre.jar:/Users/geontae/.m2/repository/com/google/guava/failureaccess/1.0.1/failureaccess-1.0.1.jar:/Users/geontae/.m2/repository/javax/annotation/javax.annotation-api/1.3.2/javax.annotation-api-1.3.2.jar:/Users/geontae/.m2/repository/org/codehaus/plexus/plexus-classworlds/2.6.0/plexus-classworlds-2.6.0.jar:/Users/geontae/.m2/repository/commons-cli/commons-cli/1.5.0/commons-cli-1.5.0.jar:/Users/geontae/.m2/repository/org/eclipse/sisu/org.eclipse.sisu.plexus/0.3.5/org.eclipse.sisu.plexus-0.3.5.jar:/Users/geontae/.m2/repository/org/apache/maven/maven-settings-builder/3.9.3/maven-settings-builder-3.9.3.jar:/Users/geontae/.m2/repository/org/apache/maven/maven-resolver-provider/3.9.3/maven-resolver-provider-3.9.3.jar:/Users/geontae/.m2/repository/org/apache/maven/resolver/maven-resolver-connector-basic/1.9.13/maven-resolver-connector-basic-1.9.13.jar:/Users/geontae/.m2/repository/org/apache/maven/resolver/maven-resolver-transport-wagon/1.9.13/maven-resolver-transport-wagon-1.9.13.jar:/Users/geontae/.m2/repository/org/apache/maven/wagon/wagon-http/3.5.3/wagon-http-3.5.3.jar:/Users/geontae/.m2/repository/org/apache/maven/wagon/wagon-file/3.5.3/wagon-file-3.5.3.jar:/Users/geontae/.m2/repository/io/quarkus/quarkus-bootstrap-gradle-resolver/3.3.0/quarkus-bootstrap-gradle-resolver-3.3.0.jar:/Users/geontae/.m2/repository/io/smallrye/jandex/3.1.2/jandex-3.1.2.jar:/Users/geontae/.m2/repository/commons-io/commons-io/2.13.0/commons-io-2.13.0.jar:/Users/geontae/.m2/repository/org/jboss/logging/commons-logging-jboss-logging/1.0.0.Final/commons-logging-jboss-logging-1.0.0.Final.jar:/Users/geontae/.m2/repository/io/quarkus/quarkus-junit5-properties/3.3.0/quarkus-junit5-properties-3.3.0.jar:/Users/geontae/.m2/repository/org/junit/jupiter/junit-jupiter/5.9.3/junit-jupiter-5.9.3.jar:/Users/geontae/.m2/repository/org/junit/jupiter/junit-jupiter-api/5.9.3/junit-jupiter-api-5.9.3.jar:/Users/geontae/.m2/repository/org/opentest4j/opentest4j/1.2.0/opentest4j-1.2.0.jar:/Users/geontae/.m2/repository/org/junit/platform/junit-platform-commons/1.9.3/junit-platform-commons-1.9.3.jar:/Users/geontae/.m2/repository/org/apiguardian/apiguardian-api/1.1.2/apiguardian-api-1.1.2.jar:/Users/geontae/.m2/repository/org/junit/jupiter/junit-jupiter-params/5.9.3/junit-jupiter-params-5.9.3.jar:/Users/geontae/.m2/repository/org/junit/jupiter/junit-jupiter-engine/5.9.3/junit-jupiter-engine-5.9.3.jar:/Users/geontae/.m2/repository/org/junit/platform/junit-platform-engine/1.9.3/junit-platform-engine-1.9.3.jar:/Users/geontae/.m2/repository/io/quarkus/quarkus-core/3.3.0/quarkus-core-3.3.0.jar:/Users/geontae/.m2/repository/jakarta/annotation/jakarta.annotation-api/2.1.1/jakarta.annotation-api-2.1.1.jar:/Users/geontae/.m2/repository/jakarta/enterprise/jakarta.enterprise.cdi-api/4.0.1/jakarta.enterprise.cdi-api-4.0.1.jar:/Users/geontae/.m2/repository/jakarta/enterprise/jakarta.enterprise.lang-model/4.0.1/jakarta.enterprise.lang-model-4.0.1.jar:/Users/geontae/.m2/repository/jakarta/el/jakarta.el-api/5.0.1/jakarta.el-api-5.0.1.jar:/Users/geontae/.m2/repository/jakarta/interceptor/jakarta.interceptor-api/2.1.0/jakarta.interceptor-api-2.1.0.jar:/Users/geontae/.m2/repository/jakarta/inject/jakarta.inject-api/2.0.1/jakarta.inject-api-2.0.1.jar:/Users/geontae/.m2/repository/io/smallrye/common/smallrye-common-os/2.1.0/smallrye-common-os-2.1.0.jar:/Users/geontae/.m2/repository/io/quarkus/quarkus-ide-launcher/3.3.0/quarkus-ide-launcher-3.3.0.jar:/Users/geontae/.m2/repository/io/quarkus/quarkus-development-mode-spi/3.3.0/quarkus-development-mode-spi-3.3.0.jar:/Users/geontae/.m2/repository/io/smallrye/config/smallrye-config/3.3.3/smallrye-config-3.3.3.jar:/Users/geontae/.m2/repository/io/smallrye/config/smallrye-config-core/3.3.3/smallrye-config-core-3.3.3.jar:/Users/geontae/.m2/repository/org/eclipse/microprofile/config/microprofile-config-api/3.0.3/microprofile-config-api-3.0.3.jar:/Users/geontae/.m2/repository/io/smallrye/common/smallrye-common-annotation/2.1.0/smallrye-common-annotation-2.1.0.jar:/Users/geontae/.m2/repository/io/smallrye/common/smallrye-common-expression/2.1.0/smallrye-common-expression-2.1.0.jar:/Users/geontae/.m2/repository/io/smallrye/common/smallrye-common-function/2.1.0/smallrye-common-function-2.1.0.jar:/Users/geontae/.m2/repository/io/smallrye/common/smallrye-common-classloader/2.1.0/smallrye-common-classloader-2.1.0.jar:/Users/geontae/.m2/repository/io/smallrye/config/smallrye-config-common/3.3.3/smallrye-config-common-3.3.3.jar:/Users/geontae/.m2/repository/org/jboss/logging/jboss-logging/3.5.1.Final/jboss-logging-3.5.1.Final.jar:/Users/geontae/.m2/repository/org/jboss/logmanager/jboss-logmanager-embedded/1.1.1/jboss-logmanager-embedded-1.1.1.jar:/Users/geontae/.m2/repository/org/jboss/logging/jboss-logging-annotations/2.2.1.Final/jboss-logging-annotations-2.2.1.Final.jar:/Users/geontae/.m2/repository/org/jboss/threads/jboss-threads/3.5.0.Final/jboss-threads-3.5.0.Final.jar:/Users/geontae/.m2/repository/org/slf4j/slf4j-api/2.0.6/slf4j-api-2.0.6.jar:/Users/geontae/.m2/repository/org/jboss/slf4j/slf4j-jboss-logmanager/2.0.0.Final/slf4j-jboss-logmanager-2.0.0.Final.jar:/Users/geontae/.m2/repository/org/wildfly/common/wildfly-common/1.5.4.Final-format-001/wildfly-common-1.5.4.Final-format-001.jar:/Users/geontae/.m2/repository/io/quarkus/quarkus-bootstrap-runner/3.3.0/quarkus-bootstrap-runner-3.3.0.jar:/Users/geontae/.m2/repository/io/github/crac/org-crac/0.1.3/org-crac-0.1.3.jar:/Users/geontae/.m2/repository/io/quarkus/quarkus-fs-util/0.0.9/quarkus-fs-util-0.0.9.jar:/Users/geontae/.m2/repository/com/thoughtworks/xstream/xstream/1.4.20/xstream-1.4.20.jar:/Users/geontae/.m2/repository/io/github/x-stream/mxparser/1.2.2/mxparser-1.2.2.jar:/Users/geontae/.m2/repository/xmlpull/xmlpull/1.1.3.1/xmlpull-1.1.3.1.jar:"/>
    <property name="java.vm.vendor" value="Homebrew"/>
    <property name="sun.arch.data.model" value="64"/>
    <property name="java.vendor.url" value="https://github.com/Homebrew/homebrew-core/issues"/>
    <property name="user.timezone" value="Asia/Seoul"/>
    <property name="logging.initial-configurator.min-level" value="500"/>
    <property name="os.name" value="Mac OS X"/>
    <property name="java.vm.specification.version" value="20"/>
    <property name="sun.java.launcher" value="SUN_STANDARD"/>
    <property name="user.country" value="KR"/>
    <property name="groovy.use.classvalue" value="false"/>
    <property name="sun.boot.library.path" value="/opt/homebrew/Cellar/openjdk/20.0.1/libexec/openjdk.jdk/Contents/Home/lib"/>
    <property name="sun.java.command" value="/Users/geontae/workspace/study/book/devops-tools-for-java-developer/faas/demo/target/surefire/surefirebooter-20230828184859577_3.jar /Users/geontae/workspace/study/book/devops-tools-for-java-developer/faas/demo/target/surefire 2023-08-28T18-48-59_537-jvmRun1 surefire-20230828184859577_1tmp surefire_0-20230828184859577_2tmp"/>
    <property name="http.nonProxyHosts" value="local|*.local|169.254/16|*.169.254/16"/>
    <property name="jdk.debug" value="release"/>
    <property name="maven.home" value="/opt/homebrew/Cellar/maven/3.9.4/libexec"/>
    <property name="surefire.test.class.path" value="/Users/geontae/workspace/study/book/devops-tools-for-java-developer/faas/demo/target/test-classes:/Users/geontae/workspace/study/book/devops-tools-for-java-developer/faas/demo/target/classes:/Users/geontae/.m2/repository/io/quarkus/quarkus-amazon-lambda/3.3.0/quarkus-amazon-lambda-3.3.0.jar:/Users/geontae/.m2/repository/io/quarkus/quarkus-amazon-lambda-common/3.3.0/quarkus-amazon-lambda-common-3.3.0.jar:/Users/geontae/.m2/repository/com/amazonaws/aws-lambda-java-core/1.2.2/aws-lambda-java-core-1.2.2.jar:/Users/geontae/.m2/repository/com/amazonaws/aws-lambda-java-events/3.11.2/aws-lambda-java-events-3.11.2.jar:/Users/geontae/.m2/repository/io/quarkus/quarkus-arc/3.3.0/quarkus-arc-3.3.0.jar:/Users/geontae/.m2/repository/io/quarkus/arc/arc/3.3.0/arc-3.3.0.jar:/Users/geontae/.m2/repository/jakarta/transaction/jakarta.transaction-api/2.0.1/jakarta.transaction-api-2.0.1.jar:/Users/geontae/.m2/repository/io/smallrye/reactive/mutiny/2.3.1/mutiny-2.3.1.jar:/Users/geontae/.m2/repository/org/eclipse/microprofile/context-propagation/microprofile-context-propagation-api/1.3/microprofile-context-propagation-api-1.3.jar:/Users/geontae/.m2/repository/io/quarkus/quarkus-jackson/3.3.0/quarkus-jackson-3.3.0.jar:/Users/geontae/.m2/repository/com/fasterxml/jackson/core/jackson-databind/2.15.2/jackson-databind-2.15.2.jar:/Users/geontae/.m2/repository/com/fasterxml/jackson/datatype/jackson-datatype-jsr310/2.15.2/jackson-datatype-jsr310-2.15.2.jar:/Users/geontae/.m2/repository/com/fasterxml/jackson/datatype/jackson-datatype-jdk8/2.15.2/jackson-datatype-jdk8-2.15.2.jar:/Users/geontae/.m2/repository/com/fasterxml/jackson/module/jackson-module-parameter-names/2.15.2/jackson-module-parameter-names-2.15.2.jar:/Users/geontae/.m2/repository/com/fasterxml/jackson/datatype/jackson-datatype-joda/2.15.2/jackson-datatype-joda-2.15.2.jar:/Users/geontae/.m2/repository/com/fasterxml/jackson/core/jackson-annotations/2.15.2/jackson-annotations-2.15.2.jar:/Users/geontae/.m2/repository/com/fasterxml/jackson/core/jackson-core/2.15.2/jackson-core-2.15.2.jar:/Users/geontae/.m2/repository/joda-time/joda-time/2.10.14/joda-time-2.10.14.jar:/Users/geontae/.m2/repository/io/rest-assured/rest-assured/5.3.0/rest-assured-5.3.0.jar:/Users/geontae/.m2/repository/org/apache/groovy/groovy/4.0.6/groovy-4.0.6.jar:/Users/geontae/.m2/repository/org/apache/groovy/groovy-xml/4.0.6/groovy-xml-4.0.6.jar:/Users/geontae/.m2/repository/org/apache/httpcomponents/httpclient/4.5.14/httpclient-4.5.14.jar:/Users/geontae/.m2/repository/org/apache/httpcomponents/httpcore/4.4.16/httpcore-4.4.16.jar:/Users/geontae/.m2/repository/commons-codec/commons-codec/1.16.0/commons-codec-1.16.0.jar:/Users/geontae/.m2/repository/org/apache/httpcomponents/httpmime/4.5.14/httpmime-4.5.14.jar:/Users/geontae/.m2/repository/org/hamcrest/hamcrest/2.1/hamcrest-2.1.jar:/Users/geontae/.m2/repository/org/ccil/cowan/tagsoup/tagsoup/1.2.1/tagsoup-1.2.1.jar:/Users/geontae/.m2/repository/io/rest-assured/json-path/5.3.0/json-path-5.3.0.jar:/Users/geontae/.m2/repository/org/apache/groovy/groovy-json/4.0.6/groovy-json-4.0.6.jar:/Users/geontae/.m2/repository/io/rest-assured/rest-assured-common/5.3.0/rest-assured-common-5.3.0.jar:/Users/geontae/.m2/repository/io/rest-assured/xml-path/5.3.0/xml-path-5.3.0.jar:/Users/geontae/.m2/repository/org/apache/commons/commons-lang3/3.12.0/commons-lang3-3.12.0.jar:/Users/geontae/.m2/repository/io/quarkus/quarkus-junit5/3.3.0/quarkus-junit5-3.3.0.jar:/Users/geontae/.m2/repository/io/quarkus/quarkus-bootstrap-core/3.3.0/quarkus-bootstrap-core-3.3.0.jar:/Users/geontae/.m2/repository/io/quarkus/quarkus-bootstrap-app-model/3.3.0/quarkus-bootstrap-app-model-3.3.0.jar:/Users/geontae/.m2/repository/io/smallrye/common/smallrye-common-io/2.1.0/smallrye-common-io-2.1.0.jar:/Users/geontae/.m2/repository/org/eclipse/sisu/org.eclipse.sisu.inject/0.3.5/org.eclipse.sisu.inject-0.3.5.jar:/Users/geontae/.m2/repository/io/quarkus/quarkus-test-common/3.3.0/quarkus-test-common-3.3.0.jar:/Users/geontae/.m2/repository/io/quarkus/quarkus-core-deployment/3.3.0/quarkus-core-deployment-3.3.0.jar:/Users/geontae/.m2/repository/org/aesh/readline/2.4/readline-2.4.jar:/Users/geontae/.m2/repository/org/fusesource/jansi/jansi/2.4.0/jansi-2.4.0.jar:/Users/geontae/.m2/repository/org/aesh/aesh/2.7/aesh-2.7.jar:/Users/geontae/.m2/repository/io/quarkus/gizmo/gizmo/1.6.1.Final/gizmo-1.6.1.Final.jar:/Users/geontae/.m2/repository/org/ow2/asm/asm-util/9.5/asm-util-9.5.jar:/Users/geontae/.m2/repository/org/ow2/asm/asm-analysis/9.5/asm-analysis-9.5.jar:/Users/geontae/.m2/repository/org/ow2/asm/asm/9.5/asm-9.5.jar:/Users/geontae/.m2/repository/org/ow2/asm/asm-commons/9.5/asm-commons-9.5.jar:/Users/geontae/.m2/repository/org/ow2/asm/asm-tree/9.5/asm-tree-9.5.jar:/Users/geontae/.m2/repository/io/quarkus/quarkus-class-change-agent/3.3.0/quarkus-class-change-agent-3.3.0.jar:/Users/geontae/.m2/repository/io/quarkus/quarkus-devtools-utilities/3.3.0/quarkus-devtools-utilities-3.3.0.jar:/Users/geontae/.m2/repository/io/quarkus/quarkus-builder/3.3.0/quarkus-builder-3.3.0.jar:/Users/geontae/.m2/repository/org/graalvm/sdk/graal-sdk/23.0.1/graal-sdk-23.0.1.jar:/Users/geontae/.m2/repository/org/junit/platform/junit-platform-launcher/1.9.3/junit-platform-launcher-1.9.3.jar:/Users/geontae/.m2/repository/io/quarkus/quarkus-bootstrap-maven-resolver/3.3.0/quarkus-bootstrap-maven-resolver-3.3.0.jar:/Users/geontae/.m2/repository/io/smallrye/beanbag/smallrye-beanbag-maven/1.3.2/smallrye-beanbag-maven-1.3.2.jar:/Users/geontae/.m2/repository/io/smallrye/beanbag/smallrye-beanbag-sisu/1.3.2/smallrye-beanbag-sisu-1.3.2.jar:/Users/geontae/.m2/repository/io/smallrye/beanbag/smallrye-beanbag/1.3.2/smallrye-beanbag-1.3.2.jar:/Users/geontae/.m2/repository/io/smallrye/common/smallrye-common-constraint/2.1.0/smallrye-common-constraint-2.1.0.jar:/Users/geontae/.m2/repository/javax/inject/javax.inject/1/javax.inject-1.jar:/Users/geontae/.m2/repository/org/apache/maven/maven-artifact/3.9.3/maven-artifact-3.9.3.jar:/Users/geontae/.m2/repository/org/apache/maven/maven-builder-support/3.9.3/maven-builder-support-3.9.3.jar:/Users/geontae/.m2/repository/org/apache/maven/maven-model/3.9.3/maven-model-3.9.3.jar:/Users/geontae/.m2/repository/org/apache/maven/maven-model-builder/3.9.3/maven-model-builder-3.9.3.jar:/Users/geontae/.m2/repository/org/apache/maven/maven-repository-metadata/3.9.3/maven-repository-metadata-3.9.3.jar:/Users/geontae/.m2/repository/org/apache/maven/maven-settings/3.9.3/maven-settings-3.9.3.jar:/Users/geontae/.m2/repository/org/apache/maven/resolver/maven-resolver-api/1.9.13/maven-resolver-api-1.9.13.jar:/Users/geontae/.m2/repository/org/apache/maven/resolver/maven-resolver-impl/1.9.13/maven-resolver-impl-1.9.13.jar:/Users/geontae/.m2/repository/org/apache/maven/resolver/maven-resolver-named-locks/1.9.13/maven-resolver-named-locks-1.9.13.jar:/Users/geontae/.m2/repository/org/apache/maven/resolver/maven-resolver-spi/1.9.13/maven-resolver-spi-1.9.13.jar:/Users/geontae/.m2/repository/org/apache/maven/resolver/maven-resolver-util/1.9.13/maven-resolver-util-1.9.13.jar:/Users/geontae/.m2/repository/org/apache/maven/resolver/maven-resolver-transport-http/1.9.10/maven-resolver-transport-http-1.9.10.jar:/Users/geontae/.m2/repository/org/apache/maven/wagon/wagon-provider-api/3.5.3/wagon-provider-api-3.5.3.jar:/Users/geontae/.m2/repository/org/apache/maven/wagon/wagon-http-shared/3.5.3/wagon-http-shared-3.5.3.jar:/Users/geontae/.m2/repository/org/codehaus/plexus/plexus-interpolation/1.26/plexus-interpolation-1.26.jar:/Users/geontae/.m2/repository/org/codehaus/plexus/plexus-utils/3.5.1/plexus-utils-3.5.1.jar:/Users/geontae/.m2/repository/org/codehaus/plexus/plexus-xml/4.0.0/plexus-xml-4.0.0.jar:/Users/geontae/.m2/repository/org/apache/maven/maven-xml-impl/4.0.0-alpha-5/maven-xml-impl-4.0.0-alpha-5.jar:/Users/geontae/.m2/repository/org/apache/maven/maven-api-xml/4.0.0-alpha-5/maven-api-xml-4.0.0-alpha-5.jar:/Users/geontae/.m2/repository/org/apache/maven/maven-api-meta/4.0.0-alpha-5/maven-api-meta-4.0.0-alpha-5.jar:/Users/geontae/.m2/repository/org/codehaus/plexus/plexus-cipher/2.0/plexus-cipher-2.0.jar:/Users/geontae/.m2/repository/org/codehaus/plexus/plexus-sec-dispatcher/2.0/plexus-sec-dispatcher-2.0.jar:/Users/geontae/.m2/repository/org/apache/maven/maven-embedder/3.9.3/maven-embedder-3.9.3.jar:/Users/geontae/.m2/repository/org/apache/maven/maven-core/3.9.3/maven-core-3.9.3.jar:/Users/geontae/.m2/repository/org/codehaus/plexus/plexus-component-annotations/2.1.0/plexus-component-annotations-2.1.0.jar:/Users/geontae/.m2/repository/org/apache/maven/maven-plugin-api/3.9.3/maven-plugin-api-3.9.3.jar:/Users/geontae/.m2/repository/org/apache/maven/shared/maven-shared-utils/3.3.4/maven-shared-utils-3.3.4.jar:/Users/geontae/.m2/repository/com/google/inject/guice/5.1.0/guice-5.1.0.jar:/Users/geontae/.m2/repository/aopalliance/aopalliance/1.0/aopalliance-1.0.jar:/Users/geontae/.m2/repository/com/google/guava/guava/32.1.1-jre/guava-32.1.1-jre.jar:/Users/geontae/.m2/repository/com/google/guava/failureaccess/1.0.1/failureaccess-1.0.1.jar:/Users/geontae/.m2/repository/javax/annotation/javax.annotation-api/1.3.2/javax.annotation-api-1.3.2.jar:/Users/geontae/.m2/repository/org/codehaus/plexus/plexus-classworlds/2.6.0/plexus-classworlds-2.6.0.jar:/Users/geontae/.m2/repository/commons-cli/commons-cli/1.5.0/commons-cli-1.5.0.jar:/Users/geontae/.m2/repository/org/eclipse/sisu/org.eclipse.sisu.plexus/0.3.5/org.eclipse.sisu.plexus-0.3.5.jar:/Users/geontae/.m2/repository/org/apache/maven/maven-settings-builder/3.9.3/maven-settings-builder-3.9.3.jar:/Users/geontae/.m2/repository/org/apache/maven/maven-resolver-provider/3.9.3/maven-resolver-provider-3.9.3.jar:/Users/geontae/.m2/repository/org/apache/maven/resolver/maven-resolver-connector-basic/1.9.13/maven-resolver-connector-basic-1.9.13.jar:/Users/geontae/.m2/repository/org/apache/maven/resolver/maven-resolver-transport-wagon/1.9.13/maven-resolver-transport-wagon-1.9.13.jar:/Users/geontae/.m2/repository/org/apache/maven/wagon/wagon-http/3.5.3/wagon-http-3.5.3.jar:/Users/geontae/.m2/repository/org/apache/maven/wagon/wagon-file/3.5.3/wagon-file-3.5.3.jar:/Users/geontae/.m2/repository/io/quarkus/quarkus-bootstrap-gradle-resolver/3.3.0/quarkus-bootstrap-gradle-resolver-3.3.0.jar:/Users/geontae/.m2/repository/io/smallrye/jandex/3.1.2/jandex-3.1.2.jar:/Users/geontae/.m2/repository/commons-io/commons-io/2.13.0/commons-io-2.13.0.jar:/Users/geontae/.m2/repository/org/jboss/logging/commons-logging-jboss-logging/1.0.0.Final/commons-logging-jboss-logging-1.0.0.Final.jar:/Users/geontae/.m2/repository/io/quarkus/quarkus-junit5-properties/3.3.0/quarkus-junit5-properties-3.3.0.jar:/Users/geontae/.m2/repository/org/junit/jupiter/junit-jupiter/5.9.3/junit-jupiter-5.9.3.jar:/Users/geontae/.m2/repository/org/junit/jupiter/junit-jupiter-api/5.9.3/junit-jupiter-api-5.9.3.jar:/Users/geontae/.m2/repository/org/opentest4j/opentest4j/1.2.0/opentest4j-1.2.0.jar:/Users/geontae/.m2/repository/org/junit/platform/junit-platform-commons/1.9.3/junit-platform-commons-1.9.3.jar:/Users/geontae/.m2/repository/org/apiguardian/apiguardian-api/1.1.2/apiguardian-api-1.1.2.jar:/Users/geontae/.m2/repository/org/junit/jupiter/junit-jupiter-params/5.9.3/junit-jupiter-params-5.9.3.jar:/Users/geontae/.m2/repository/org/junit/jupiter/junit-jupiter-engine/5.9.3/junit-jupiter-engine-5.9.3.jar:/Users/geontae/.m2/repository/org/junit/platform/junit-platform-engine/1.9.3/junit-platform-engine-1.9.3.jar:/Users/geontae/.m2/repository/io/quarkus/quarkus-core/3.3.0/quarkus-core-3.3.0.jar:/Users/geontae/.m2/repository/jakarta/annotation/jakarta.annotation-api/2.1.1/jakarta.annotation-api-2.1.1.jar:/Users/geontae/.m2/repository/jakarta/enterprise/jakarta.enterprise.cdi-api/4.0.1/jakarta.enterprise.cdi-api-4.0.1.jar:/Users/geontae/.m2/repository/jakarta/enterprise/jakarta.enterprise.lang-model/4.0.1/jakarta.enterprise.lang-model-4.0.1.jar:/Users/geontae/.m2/repository/jakarta/el/jakarta.el-api/5.0.1/jakarta.el-api-5.0.1.jar:/Users/geontae/.m2/repository/jakarta/interceptor/jakarta.interceptor-api/2.1.0/jakarta.interceptor-api-2.1.0.jar:/Users/geontae/.m2/repository/jakarta/inject/jakarta.inject-api/2.0.1/jakarta.inject-api-2.0.1.jar:/Users/geontae/.m2/repository/io/smallrye/common/smallrye-common-os/2.1.0/smallrye-common-os-2.1.0.jar:/Users/geontae/.m2/repository/io/quarkus/quarkus-ide-launcher/3.3.0/quarkus-ide-launcher-3.3.0.jar:/Users/geontae/.m2/repository/io/quarkus/quarkus-development-mode-spi/3.3.0/quarkus-development-mode-spi-3.3.0.jar:/Users/geontae/.m2/repository/io/smallrye/config/smallrye-config/3.3.3/smallrye-config-3.3.3.jar:/Users/geontae/.m2/repository/io/smallrye/config/smallrye-config-core/3.3.3/smallrye-config-core-3.3.3.jar:/Users/geontae/.m2/repository/org/eclipse/microprofile/config/microprofile-config-api/3.0.3/microprofile-config-api-3.0.3.jar:/Users/geontae/.m2/repository/io/smallrye/common/smallrye-common-annotation/2.1.0/smallrye-common-annotation-2.1.0.jar:/Users/geontae/.m2/repository/io/smallrye/common/smallrye-common-expression/2.1.0/smallrye-common-expression-2.1.0.jar:/Users/geontae/.m2/repository/io/smallrye/common/smallrye-common-function/2.1.0/smallrye-common-function-2.1.0.jar:/Users/geontae/.m2/repository/io/smallrye/common/smallrye-common-classloader/2.1.0/smallrye-common-classloader-2.1.0.jar:/Users/geontae/.m2/repository/io/smallrye/config/smallrye-config-common/3.3.3/smallrye-config-common-3.3.3.jar:/Users/geontae/.m2/repository/org/jboss/logging/jboss-logging/3.5.1.Final/jboss-logging-3.5.1.Final.jar:/Users/geontae/.m2/repository/org/jboss/logmanager/jboss-logmanager-embedded/1.1.1/jboss-logmanager-embedded-1.1.1.jar:/Users/geontae/.m2/repository/org/jboss/logging/jboss-logging-annotations/2.2.1.Final/jboss-logging-annotations-2.2.1.Final.jar:/Users/geontae/.m2/repository/org/jboss/threads/jboss-threads/3.5.0.Final/jboss-threads-3.5.0.Final.jar:/Users/geontae/.m2/repository/org/slf4j/slf4j-api/2.0.6/slf4j-api-2.0.6.jar:/Users/geontae/.m2/repository/org/jboss/slf4j/slf4j-jboss-logmanager/2.0.0.Final/slf4j-jboss-logmanager-2.0.0.Final.jar:/Users/geontae/.m2/repository/org/wildfly/common/wildfly-common/1.5.4.Final-format-001/wildfly-common-1.5.4.Final-format-001.jar:/Users/geontae/.m2/repository/io/quarkus/quarkus-bootstrap-runner/3.3.0/quarkus-bootstrap-runner-3.3.0.jar:/Users/geontae/.m2/repository/io/github/crac/org-crac/0.1.3/org-crac-0.1.3.jar:/Users/geontae/.m2/repository/io/quarkus/quarkus-fs-util/0.0.9/quarkus-fs-util-0.0.9.jar:/Users/geontae/.m2/repository/com/thoughtworks/xstream/xstream/1.4.20/xstream-1.4.20.jar:/Users/geontae/.m2/repository/io/github/x-stream/mxparser/1.2.2/mxparser-1.2.2.jar:/Users/geontae/.m2/repository/xmlpull/xmlpull/1.1.3.1/xmlpull-1.1.3.1.jar:"/>
    <property name="sun.cpu.endian" value="little"/>
    <property name="user.home" value="/Users/geontae"/>
    <property name="user.language" value="ko"/>
    <property name="jboss.log-version" value="false"/>
    <property name="java.specification.vendor" value="Oracle Corporation"/>
    <property name="java.version.date" value="2023-04-18"/>
    <property name="java.home" value="/opt/homebrew/Cellar/openjdk/20.0.1/libexec/openjdk.jdk/Contents/Home"/>
    <property name="file.separator" value="/"/>
    <property name="basedir" value="/Users/geontae/workspace/study/book/devops-tools-for-java-developer/faas/demo"/>
    <property name="java.vm.compressedOopsMode" value="Zero based"/>
    <property name="line.separator" value="&#10;"/>
    <property name="java.vm.specification.vendor" value="Oracle Corporation"/>
    <property name="java.specification.name" value="Java Platform API Specification"/>
    <property name="apple.awt.application.name" value="ForkedBooter"/>
    <property name="surefire.real.class.path" value="/Users/geontae/workspace/study/book/devops-tools-for-java-developer/faas/demo/target/surefire/surefirebooter-20230828184859577_3.jar"/>
    <property name="sun.management.compiler" value="HotSpot 64-Bit Tiered Compilers"/>
    <property name="ftp.nonProxyHosts" value="local|*.local|169.254/16|*.169.254/16"/>
    <property name="java.runtime.version" value="20.0.1"/>
    <property name="user.name" value="geontae"/>
    <property name="stdout.encoding" value="UTF-8"/>
    <property name="path.separator" value=":"/>
    <property name="os.version" value="13.5.1"/>
    <property name="java.runtime.name" value="OpenJDK Runtime Environment"/>
    <property name="file.encoding" value="UTF-8"/>
    <property name="java.vm.name" value="OpenJDK 64-Bit Server VM"/>
    <property name="java.vendor.version" value="Homebrew"/>
    <property name="localRepository" value="/Users/geontae/.m2/repository"/>
    <property name="java.vendor.url.bug" value="https://github.com/Homebrew/homebrew-core/issues"/>
    <property name="java.io.tmpdir" value="/var/folders/vd/q_tbps2s40x6n3cwf3phwkw40000gn/T/"/>
    <property name="quarkus.log.file.path" value="target/quarkus.log"/>
    <property name="java.version" value="20.0.1"/>
    <property name="java.util.concurrent.ForkJoinPool.common.threadFactory" value="io.quarkus.bootstrap.forkjoin.QuarkusForkJoinWorkerThreadFactory"/>
    <property name="user.dir" value="/Users/geontae/workspace/study/book/devops-tools-for-java-developer/faas/demo"/>
    <property name="os.arch" value="aarch64"/>
    <property name="java.vm.specification.name" value="Java Virtual Machine Specification"/>
    <property name="com.amazonaws.xray.traceHeader" value="f2d9f715-81a5-44d5-9a7d-34c5b34c58dd"/>
    <property name="native.encoding" value="UTF-8"/>
    <property name="java.util.logging.manager" value="org.jboss.logmanager.LogManager"/>
    <property name="java.library.path" value="/Users/geontae/Library/Java/Extensions:/Library/Java/Extensions:/Network/Library/Java/Extensions:/System/Library/Java/Extensions:/usr/lib/java:."/>
    <property name="java.vm.info" value="mixed mode, sharing"/>
    <property name="stderr.encoding" value="UTF-8"/>
    <property name="java.vendor" value="Homebrew"/>
    <property name="java.vm.version" value="20.0.1"/>
    <property name="sun.io.unicode.encoding" value="UnicodeBig"/>
    <property name="socksNonProxyHosts" value="local|*.local|169.254/16|*.169.254/16"/>
    <property name="java.class.version" value="64.0"/>
  </properties>
  <testcase name="testSimpleLambdaSuccess" classname="co.example.demo.LambdaHandlerTest" time="0.447">
    <system-out><![CDATA[2023-08-28 18:49:00,490 WARN  [io.net.res.dns.DnsServerAddressStreamProviders] (build-5) Can not find io.netty.resolver.dns.macos.MacOSDnsServerAddressStreamProvider in the classpath, fallback to system defaults. This may result in incorrect DNS resolutions on MacOS. Check whether you have a dependency on 'io.netty:netty-resolver-dns-native-macos'
2023-08-28 18:49:00,564 INFO  [io.qua.ama.lam.run.MockEventServer] (build-5) Mock Lambda Event Server Started
2023-08-28 18:49:00,859 INFO  [io.qua.ama.lam.run.AbstractLambdaPollLoop] (Lambda Thread (TEST)) Listening on: http://localhost:8081/_lambda_/2018-06-01/runtime/invocation/next
2023-08-28 18:49:00,859 INFO  [io.quarkus] (main) demo 1.0-SNAPSHOT on JVM (powered by Quarkus 3.3.0) started in 0.703s. 
2023-08-28 18:49:00,860 INFO  [io.quarkus] (main) Profile test activated. 
2023-08-28 18:49:00,860 INFO  [io.quarkus] (main) Installed features: [amazon-lambda, cdi]
]]></system-out>
  </testcase>
</testsuite>